<component name="libraryTable">
  <library name="Junit">
    <CLASSES>
      <root url="jar://C:/Program Files/Java/junit-4.13-beta-3.jar!/" />
    </CLASSES>
    <JAVADOC />
    <SOURCES />
  </library>
</component>